i:\kent\googledrive\advance graphics\raytracer_acg_kent\ray_tracer_zy\raytracer_framework_cube\raytracer\debug\vc141.pdb
i:\kent\googledrive\advance graphics\raytracer_acg_kent\ray_tracer_zy\raytracer_framework_cube\raytracer\debug\vc141.idb
i:\kent\googledrive\advance graphics\raytracer_acg_kent\ray_tracer_zy\raytracer_framework_cube\raytracer\debug\application.obj
i:\kent\googledrive\advance graphics\raytracer_acg_kent\ray_tracer_zy\raytracer_framework_cube\raytracer\debug\math3d.obj
i:\kent\googledrive\advance graphics\raytracer_acg_kent\ray_tracer_zy\raytracer_framework_cube\raytracer\debug\imageio.obj
i:\kent\googledrive\advance graphics\raytracer_acg_kent\ray_tracer_zy\raytracer_framework_cube\raytracer\debug\main.obj
i:\kent\googledrive\advance graphics\raytracer_acg_kent\ray_tracer_zy\raytracer_framework_cube\raytracer\debug\sphere.obj
i:\kent\googledrive\advance graphics\raytracer_acg_kent\ray_tracer_zy\raytracer_framework_cube\raytracer\debug\triangle.obj
i:\kent\googledrive\advance graphics\raytracer_acg_kent\ray_tracer_zy\raytracer_framework_cube\raytracer\debug\wall.obj
i:\kent\googledrive\advance graphics\raytracer_acg_kent\ray_tracer_zy\raytracer_framework_cube\raytracer\debug\ray_tracer.obj
i:\kent\googledrive\advance graphics\raytracer_acg_kent\ray_tracer_zy\raytracer_framework_cube\raytracer\debug\light.obj
i:\kent\googledrive\advance graphics\raytracer_acg_kent\ray_tracer_zy\raytracer_framework_cube\raytracer\debug\scene.obj
i:\kent\googledrive\advance graphics\raytracer_acg_kent\ray_tracer_zy\raytracer_framework_cube\raytracer\debug\view_plane.obj
i:\kent\googledrive\advance graphics\raytracer_acg_kent\ray_tracer_zy\raytracer_framework_cube\debug\raytracer.exe
i:\kent\googledrive\advance graphics\raytracer_acg_kent\ray_tracer_zy\raytracer_framework_cube\debug\raytracer.ilk
i:\kent\googledrive\advance graphics\raytracer_acg_kent\ray_tracer_zy\raytracer_framework_cube\debug\raytracer.pdb
i:\kent\googledrive\advance graphics\raytracer_acg_kent\ray_tracer_zy\raytracer_framework_cube\raytracer\debug\raytracer.tlog\cl.command.1.tlog
i:\kent\googledrive\advance graphics\raytracer_acg_kent\ray_tracer_zy\raytracer_framework_cube\raytracer\debug\raytracer.tlog\cl.read.1.tlog
i:\kent\googledrive\advance graphics\raytracer_acg_kent\ray_tracer_zy\raytracer_framework_cube\raytracer\debug\raytracer.tlog\cl.write.1.tlog
i:\kent\googledrive\advance graphics\raytracer_acg_kent\ray_tracer_zy\raytracer_framework_cube\raytracer\debug\raytracer.tlog\link.command.1.tlog
i:\kent\googledrive\advance graphics\raytracer_acg_kent\ray_tracer_zy\raytracer_framework_cube\raytracer\debug\raytracer.tlog\link.read.1.tlog
i:\kent\googledrive\advance graphics\raytracer_acg_kent\ray_tracer_zy\raytracer_framework_cube\raytracer\debug\raytracer.tlog\link.write.1.tlog
